<?xml version="1.0" encoding="UTF-8"?>
<!-- Generated by org.testng.reporters.JUnitXMLReporter -->
<testsuite ignored="8" hostname="GURUKIRAN" failures="3" tests="3" name="Test" time="1.482" errors="0" timestamp="17 Mar 2025 07:31:16 GMT">
  <testcase classname="Ecommerce.OnlineShopping.module.AdminModulesTest" name="createCategoryTest" time="0.09">
    <failure type="java.lang.NullPointerException" message="Cannot invoke &amp;quot;org.openqa.selenium.SearchContext.findElement(org.openqa.selenium.By)&amp;quot; because &amp;quot;this.searchContext&amp;quot; is null">
      <![CDATA[java.lang.NullPointerException: Cannot invoke "org.openqa.selenium.SearchContext.findElement(org.openqa.selenium.By)" because "this.searchContext" is null
at org.openqa.selenium.support.pagefactory.DefaultElementLocator.findElement(DefaultElementLocator.java:68)
at org.openqa.selenium.support.pagefactory.internal.LocatingElementHandler.invoke(LocatingElementHandler.java:38)
at jdk.proxy2/jdk.proxy2.$Proxy16.click(Unknown Source)
at Ecommerce.OnlineShopping.module.AdminModulesTest.createCategoryTest(AdminModulesTest.java:19)
... Removed 23 stack frames]]>
    </failure>
  </testcase> <!-- createCategoryTest -->
  <testcase classname="Ecommerce.OnlineShopping.module.AdminModulesTest" name="createSubCategory" time="0.008">
    <failure type="java.lang.NullPointerException" message="Cannot invoke &amp;quot;org.openqa.selenium.SearchContext.findElement(org.openqa.selenium.By)&amp;quot; because &amp;quot;this.searchContext&amp;quot; is null">
      <![CDATA[java.lang.NullPointerException: Cannot invoke "org.openqa.selenium.SearchContext.findElement(org.openqa.selenium.By)" because "this.searchContext" is null
at org.openqa.selenium.support.pagefactory.DefaultElementLocator.findElement(DefaultElementLocator.java:68)
at org.openqa.selenium.support.pagefactory.internal.LocatingElementHandler.invoke(LocatingElementHandler.java:38)
at jdk.proxy2/jdk.proxy2.$Proxy16.click(Unknown Source)
at Ecommerce.OnlineShopping.module.AdminModulesTest.createSubCategory(AdminModulesTest.java:37)
... Removed 23 stack frames]]>
    </failure>
  </testcase> <!-- createSubCategory -->
  <testcase classname="Ecommerce.OnlineShopping.module.AdminModulesTest" name="insertProductTest" time="1.328">
    <failure type="java.lang.NullPointerException" message="Cannot invoke &amp;quot;org.openqa.selenium.SearchContext.findElement(org.openqa.selenium.By)&amp;quot; because &amp;quot;this.searchContext&amp;quot; is null">
      <![CDATA[java.lang.NullPointerException: Cannot invoke "org.openqa.selenium.SearchContext.findElement(org.openqa.selenium.By)" because "this.searchContext" is null
at org.openqa.selenium.support.pagefactory.DefaultElementLocator.findElement(DefaultElementLocator.java:68)
at org.openqa.selenium.support.pagefactory.internal.LocatingElementHandler.invoke(LocatingElementHandler.java:38)
at jdk.proxy2/jdk.proxy2.$Proxy16.click(Unknown Source)
at Ecommerce.OnlineShopping.module.AdminModulesTest.insertProductTest(AdminModulesTest.java:57)
... Removed 23 stack frames]]>
    </failure>
  </testcase> <!-- insertProductTest -->
  <testcase classname="Ecommerce.OnlineShopping.module.ShoppingTest" name="forgotPasswordInvlidTest" time="0.0">
    <ignored/>
  </testcase> <!-- forgotPasswordInvlidTest -->
  <testcase classname="Ecommerce.OnlineShopping.module.ShoppingTest" name="AddToCartTest" time="0.0">
    <ignored/>
  </testcase> <!-- AddToCartTest -->
  <testcase classname="Ecommerce.OnlineShopping.module.ShoppingTest" name="QuantityVerificationTest" time="0.0">
    <ignored/>
  </testcase> <!-- QuantityVerificationTest -->
  <testcase classname="Ecommerce.OnlineShopping.module.ShoppingTest" name="fillReviewTest" time="0.0">
    <ignored/>
  </testcase> <!-- fillReviewTest -->
  <testcase classname="Ecommerce.OnlineShopping.module.ShoppingTest" name="MyAcountTest" time="0.0">
    <ignored/>
  </testcase> <!-- MyAcountTest -->
  <testcase classname="Ecommerce.OnlineShopping.module.ShoppingTest" name="WishListTest" time="0.0">
    <ignored/>
  </testcase> <!-- WishListTest -->
  <testcase classname="Ecommerce.OnlineShopping.module.ShoppingTest" name="removeFromWishListTest" time="0.0">
    <ignored/>
  </testcase> <!-- removeFromWishListTest -->
  <testcase classname="Ecommerce.OnlineShopping.module.ShoppingTest" name="trackOrderTest" time="0.0">
    <ignored/>
  </testcase> <!-- trackOrderTest -->
</testsuite> <!-- Test -->
