<?xml version="1.0" encoding="UTF-8"?>
<!-- Generated by org.testng.reporters.JUnitXMLReporter -->
<testsuite ignored="11" hostname="GURUKIRAN" failures="0" tests="0" time="0.007" errors="0" timestamp="17 Mar 2025 09:26:13 GMT">
  <testcase classname="Ecommerce.OnlineShopping.module.ShoppingTest" name="forgotPasswordInvlidTest" time="0.0">
    <ignored/>
  </testcase> <!-- forgotPasswordInvlidTest -->
  <testcase classname="Ecommerce.OnlineShopping.module.ShoppingTest" name="AddToCartTest" time="0.0">
    <ignored/>
  </testcase> <!-- AddToCartTest -->
  <testcase classname="Ecommerce.OnlineShopping.module.ShoppingTest" name="QuantityVerificationTest" time="0.0">
    <ignored/>
  </testcase> <!-- QuantityVerificationTest -->
  <testcase classname="Ecommerce.OnlineShopping.module.ShoppingTest" name="fillReviewTest" time="0.0">
    <ignored/>
  </testcase> <!-- fillReviewTest -->
  <testcase classname="Ecommerce.OnlineShopping.module.AdminModulesTest" name="insertProductTest" time="0.0">
    <ignored/>
  </testcase> <!-- insertProductTest -->
  <testcase classname="Ecommerce.OnlineShopping.module.AdminModulesTest" name="createSubCategory" time="0.0">
    <ignored/>
  </testcase> <!-- createSubCategory -->
  <testcase classname="Ecommerce.OnlineShopping.module.ShoppingTest" name="MyAcountTest" time="0.0">
    <ignored/>
  </testcase> <!-- MyAcountTest -->
  <testcase classname="Ecommerce.OnlineShopping.module.AdminModulesTest" name="createCategoryTest" time="0.0">
    <ignored/>
  </testcase> <!-- createCategoryTest -->
  <testcase classname="Ecommerce.OnlineShopping.module.ShoppingTest" name="WishListTest" time="0.0">
    <ignored/>
  </testcase> <!-- WishListTest -->
  <testcase classname="Ecommerce.OnlineShopping.module.ShoppingTest" name="removeFromWishListTest" time="0.0">
    <ignored/>
  </testcase> <!-- removeFromWishListTest -->
  <testcase classname="Ecommerce.OnlineShopping.module.ShoppingTest" name="trackOrderTest" time="0.0">
    <ignored/>
  </testcase> <!-- trackOrderTest -->
</testsuite>
