<?xml version="1.0" encoding="UTF-8"?>
<!-- Generated by org.testng.reporters.JUnitXMLReporter -->
<testsuite ignored="0" hostname="GURUKIRAN" failures="2" tests="6" name="Test" time="32.496" errors="0" timestamp="18 Mar 2025 09:03:58 GMT">
  <testcase classname="Ecommerce.OnlineShopping.module.ShoppingTest" name="AddToCartTest" time="2.578"/>
  <testcase classname="Ecommerce.OnlineShopping.module.ShoppingTest" name="MyAcountTest" time="2.426"/>
  <testcase classname="Ecommerce.OnlineShopping.module.ShoppingTest" name="QuantityVerificationTest" time="7.166"/>
  <testcase classname="Ecommerce.OnlineShopping.module.ShoppingTest" name="WishListTest" time="1.648"/>
  <testcase classname="Ecommerce.OnlineShopping.module.ShoppingTest" name="fillReviewTest" time="4.691">
    <failure type="org.openqa.selenium.ElementClickInterceptedException" message="element click intercepted: Element &amp;lt;input type=&amp;quot;radio&amp;quot; name=&amp;quot;quality&amp;quot; class=&amp;quot;radio&amp;quot; value=&amp;quot;5&amp;quot;&amp;gt; is not clickable at point (1258, 667). Other element would receive the click: &amp;lt;div style=&amp;quot;width: 100%;position: fixed;bottom:0px;background-color:rgb(197, 232, 152, 0.8);display:flex;justify-content:center;z-index: 1000;padding-top:10px&amp;quot;&amp;gt;...&amp;lt;/div&amp;gt;
  (Session info: chrome=134.0.6998.89)
Build info: version: &amp;apos;4.29.0&amp;apos;, revision: &amp;apos;5fc1ec94cb&amp;apos;
System info: os.name: &amp;apos;Windows 11&amp;apos;, os.arch: &amp;apos;amd64&amp;apos;, os.version: &amp;apos;10.0&amp;apos;, java.version: &amp;apos;18.0.2.1&amp;apos;
Driver info: org.openqa.selenium.chrome.ChromeDriver
Command: [35d887c99f6b3d915a3a82313df34f3f, clickElement {id=f.20B92B78A39078EA5BF493E99BF6BE58.d.83EBE5145E357F8F104F07A75245D336.e.716}]
Capabilities {acceptInsecureCerts: false, browserName: chrome, browserVersion: 134.0.6998.89, chrome: {chromedriverVersion: 134.0.6998.88 (7e3d5c978c6d..., userDataDir: C:\Users\Gurup\AppData\Loca...}, fedcm:accounts: true, goog:chromeOptions: {debuggerAddress: localhost:56379}, networkConnectionEnabled: false, pageLoadStrategy: normal, platformName: windows, proxy: Proxy(), se:cdp: ws://localhost:56379/devtoo..., se:cdpVersion: 134.0.6998.89, setWindowRect: true, strictFileInteractability: false, timeouts: {implicit: 0, pageLoad: 300000, script: 30000}, unhandledPromptBehavior: dismiss and notify, webauthn:extension:credBlob: true, webauthn:extension:largeBlob: true, webauthn:extension:minPinLength: true, webauthn:extension:prf: true, webauthn:virtualAuthenticators: true}
Element: [[ChromeDriver: chrome on windows (35d887c99f6b3d915a3a82313df34f3f)] -&amp;gt; xpath: //input[@class=&amp;apos;radio&amp;apos; and @value=&amp;apos;5&amp;apos;]]
Session ID: 35d887c99f6b3d915a3a82313df34f3f">
      <![CDATA[org.openqa.selenium.ElementClickInterceptedException: element click intercepted: Element <input type="radio" name="quality" class="radio" value="5"> is not clickable at point (1258, 667). Other element would receive the click: <div style="width: 100%;position: fixed;bottom:0px;background-color:rgb(197, 232, 152, 0.8);display:flex;justify-content:center;z-index: 1000;padding-top:10px">...</div>
  (Session info: chrome=134.0.6998.89)
Build info: version: '4.29.0', revision: '5fc1ec94cb'
System info: os.name: 'Windows 11', os.arch: 'amd64', os.version: '10.0', java.version: '18.0.2.1'
Driver info: org.openqa.selenium.chrome.ChromeDriver
Command: [35d887c99f6b3d915a3a82313df34f3f, clickElement {id=f.20B92B78A39078EA5BF493E99BF6BE58.d.83EBE5145E357F8F104F07A75245D336.e.716}]
Capabilities {acceptInsecureCerts: false, browserName: chrome, browserVersion: 134.0.6998.89, chrome: {chromedriverVersion: 134.0.6998.88 (7e3d5c978c6d..., userDataDir: C:\Users\Gurup\AppData\Loca...}, fedcm:accounts: true, goog:chromeOptions: {debuggerAddress: localhost:56379}, networkConnectionEnabled: false, pageLoadStrategy: normal, platformName: windows, proxy: Proxy(), se:cdp: ws://localhost:56379/devtoo..., se:cdpVersion: 134.0.6998.89, setWindowRect: true, strictFileInteractability: false, timeouts: {implicit: 0, pageLoad: 300000, script: 30000}, unhandledPromptBehavior: dismiss and notify, webauthn:extension:credBlob: true, webauthn:extension:largeBlob: true, webauthn:extension:minPinLength: true, webauthn:extension:prf: true, webauthn:virtualAuthenticators: true}
Element: [[ChromeDriver: chrome on windows (35d887c99f6b3d915a3a82313df34f3f)] -> xpath: //input[@class='radio' and @value='5']]
Session ID: 35d887c99f6b3d915a3a82313df34f3f
at org.openqa.selenium.remote.ErrorCodec.decode(ErrorCodec.java:167)
at org.openqa.selenium.remote.codec.w3c.W3CHttpResponseCodec.decode(W3CHttpResponseCodec.java:138)
at org.openqa.selenium.remote.codec.w3c.W3CHttpResponseCodec.decode(W3CHttpResponseCodec.java:50)
at org.openqa.selenium.remote.HttpCommandExecutor.execute(HttpCommandExecutor.java:215)
at org.openqa.selenium.remote.service.DriverCommandExecutor.invokeExecute(DriverCommandExecutor.java:216)
at org.openqa.selenium.remote.service.DriverCommandExecutor.execute(DriverCommandExecutor.java:174)
at org.openqa.selenium.remote.RemoteWebDriver.execute(RemoteWebDriver.java:545)
at org.openqa.selenium.remote.RemoteWebElement.execute(RemoteWebElement.java:223)
at org.openqa.selenium.remote.RemoteWebElement.click(RemoteWebElement.java:76)
at org.openqa.selenium.support.pagefactory.internal.LocatingElementHandler.invoke(LocatingElementHandler.java:51)
at jdk.proxy2/jdk.proxy2.$Proxy18.click(Unknown Source)
at Ecommerce.OnlineShopping.module.ShoppingTest.fillReviewTest(ShoppingTest.java:89)
... Removed 28 stack frames]]>
    </failure>
  </testcase> <!-- fillReviewTest -->
  <testcase classname="Ecommerce.OnlineShopping.module.ShoppingTest" name="fillReviewTest" time="6.078">
    <failure type="java.lang.NullPointerException" message="Cannot invoke &amp;quot;org.openqa.selenium.TakesScreenshot.getScreenshotAs(org.openqa.selenium.OutputType)&amp;quot; because &amp;quot;ts&amp;quot; is null">
      <![CDATA[java.lang.NullPointerException: Cannot invoke "org.openqa.selenium.TakesScreenshot.getScreenshotAs(org.openqa.selenium.OutputType)" because "ts" is null
at com.comcast.crm.generic.listenerutility.ListImpClass.onTestFailure(ListImpClass.java:65)
... Removed 22 stack frames]]>
    </failure>
  </testcase> <!-- fillReviewTest -->
</testsuite> <!-- Test -->
