<?xml version="1.0" encoding="UTF-8"?>
<!-- Generated by org.testng.reporters.JUnitXMLReporter -->
<testsuite ignored="0" hostname="GURUKIRAN" failures="0" tests="4" name="Default test" time="50.396" errors="0" timestamp="18 Mar 2025 07:40:47 GMT">
  <testcase classname="Ecommerce.OnlineShopping.module.ShoppingTest" name="AddToCartTest" time="3.23"/>
  <testcase classname="Ecommerce.OnlineShopping.module.ShoppingTest" name="MyAcountTest" time="2.622"/>
  <testcase classname="Ecommerce.OnlineShopping.module.ShoppingTest" name="QuantityVerificationTest" time="7.863"/>
  <testcase classname="Ecommerce.OnlineShopping.module.ShoppingTest" name="WishListTest" time="2.647"/>
</testsuite> <!-- Default test -->
